<?xml version="1.0" encoding="UTF-8"?>
<beans xmlns="http://www.springframework.org/schema/beans"
	xmlns:batch="http://www.springframework.org/schema/batch"
	xmlns:xsi="http://www.w3.org/2001/XMLSchema-instance"
	xsi:schemaLocation="http://www.springframework.org/schema/batch 
	   					   http://www.springframework.org/schema/batch/spring-batch-3.0.xsd        
	   					   http://www.springframework.org/schema/beans 
	   					   http://www.springframework.org/schema/beans/spring-beans-4.0.xsd">

	<import resource="classpath:context-model.xml" />

	<bean
		class="org.springframework.beans.factory.annotation.AutowiredAnnotationBeanPostProcessor" />

	<!-- Creamos este Bean para poder usar las conexiones del Pool al crear 
		un DAO y hacer consulas -->
	<bean id="hibernateSessionFactory"
		class="com.rci.ptcp.springbatch.dao.HibernateSessionFactory"></bean>
		
    <bean id="codigosPostalesDAO"
		class="com.rci.ptcp.springbatch.dao.CodigosPostalesDAO"></bean>
</beans>